Linked: (/home/nguyenanhquang/landing_uav/devel/.private/sim_uav/include/sim_uav/target_local_posResponse.h, /home/nguyenanhquang/landing_uav/devel/include/sim_uav/target_local_posResponse.h)
Linked: (/home/nguyenanhquang/landing_uav/devel/.private/sim_uav/include/sim_uav/target_global_pos.h, /home/nguyenanhquang/landing_uav/devel/include/sim_uav/target_global_pos.h)
Linked: (/home/nguyenanhquang/landing_uav/devel/.private/sim_uav/include/sim_uav/goto_aruco.h, /home/nguyenanhquang/landing_uav/devel/include/sim_uav/goto_aruco.h)
Linked: (/home/nguyenanhquang/landing_uav/devel/.private/sim_uav/include/sim_uav/target_local_posRequest.h, /home/nguyenanhquang/landing_uav/devel/include/sim_uav/target_local_posRequest.h)
Linked: (/home/nguyenanhquang/landing_uav/devel/.private/sim_uav/include/sim_uav/target_global_posRequest.h, /home/nguyenanhquang/landing_uav/devel/include/sim_uav/target_global_posRequest.h)
Linked: (/home/nguyenanhquang/landing_uav/devel/.private/sim_uav/include/sim_uav/goto_arucoRequest.h, /home/nguyenanhquang/landing_uav/devel/include/sim_uav/goto_arucoRequest.h)
Linked: (/home/nguyenanhquang/landing_uav/devel/.private/sim_uav/include/sim_uav/land_arucoRequest.h, /home/nguyenanhquang/landing_uav/devel/include/sim_uav/land_arucoRequest.h)
Linked: (/home/nguyenanhquang/landing_uav/devel/.private/sim_uav/include/sim_uav/goto_arucoResponse.h, /home/nguyenanhquang/landing_uav/devel/include/sim_uav/goto_arucoResponse.h)
Linked: (/home/nguyenanhquang/landing_uav/devel/.private/sim_uav/include/sim_uav/land_aruco.h, /home/nguyenanhquang/landing_uav/devel/include/sim_uav/land_aruco.h)
Linked: (/home/nguyenanhquang/landing_uav/devel/.private/sim_uav/include/sim_uav/target_local_pos.h, /home/nguyenanhquang/landing_uav/devel/include/sim_uav/target_local_pos.h)
Linked: (/home/nguyenanhquang/landing_uav/devel/.private/sim_uav/include/sim_uav/target_global_posResponse.h, /home/nguyenanhquang/landing_uav/devel/include/sim_uav/target_global_posResponse.h)
Linked: (/home/nguyenanhquang/landing_uav/devel/.private/sim_uav/include/sim_uav/land_arucoResponse.h, /home/nguyenanhquang/landing_uav/devel/include/sim_uav/land_arucoResponse.h)
Linked: (/home/nguyenanhquang/landing_uav/devel/.private/sim_uav/lib/pkgconfig/sim_uav.pc, /home/nguyenanhquang/landing_uav/devel/lib/pkgconfig/sim_uav.pc)
Linked: (/home/nguyenanhquang/landing_uav/devel/.private/sim_uav/lib/python2.7/dist-packages/sim_uav/__init__.py, /home/nguyenanhquang/landing_uav/devel/lib/python2.7/dist-packages/sim_uav/__init__.py)
Linked: (/home/nguyenanhquang/landing_uav/devel/.private/sim_uav/lib/python2.7/dist-packages/sim_uav/srv/_goto_aruco.py, /home/nguyenanhquang/landing_uav/devel/lib/python2.7/dist-packages/sim_uav/srv/_goto_aruco.py)
Linked: (/home/nguyenanhquang/landing_uav/devel/.private/sim_uav/lib/python2.7/dist-packages/sim_uav/srv/__init__.py, /home/nguyenanhquang/landing_uav/devel/lib/python2.7/dist-packages/sim_uav/srv/__init__.py)
Linked: (/home/nguyenanhquang/landing_uav/devel/.private/sim_uav/lib/python2.7/dist-packages/sim_uav/srv/_target_local_pos.py, /home/nguyenanhquang/landing_uav/devel/lib/python2.7/dist-packages/sim_uav/srv/_target_local_pos.py)
Linked: (/home/nguyenanhquang/landing_uav/devel/.private/sim_uav/lib/python2.7/dist-packages/sim_uav/srv/_land_aruco.py, /home/nguyenanhquang/landing_uav/devel/lib/python2.7/dist-packages/sim_uav/srv/_land_aruco.py)
Linked: (/home/nguyenanhquang/landing_uav/devel/.private/sim_uav/lib/python2.7/dist-packages/sim_uav/srv/_target_global_pos.py, /home/nguyenanhquang/landing_uav/devel/lib/python2.7/dist-packages/sim_uav/srv/_target_global_pos.py)
Linked: (/home/nguyenanhquang/landing_uav/devel/.private/sim_uav/share/gennodejs/ros/sim_uav/_index.js, /home/nguyenanhquang/landing_uav/devel/share/gennodejs/ros/sim_uav/_index.js)
Linked: (/home/nguyenanhquang/landing_uav/devel/.private/sim_uav/share/gennodejs/ros/sim_uav/srv/target_local_pos.js, /home/nguyenanhquang/landing_uav/devel/share/gennodejs/ros/sim_uav/srv/target_local_pos.js)
Linked: (/home/nguyenanhquang/landing_uav/devel/.private/sim_uav/share/gennodejs/ros/sim_uav/srv/target_global_pos.js, /home/nguyenanhquang/landing_uav/devel/share/gennodejs/ros/sim_uav/srv/target_global_pos.js)
Linked: (/home/nguyenanhquang/landing_uav/devel/.private/sim_uav/share/gennodejs/ros/sim_uav/srv/goto_aruco.js, /home/nguyenanhquang/landing_uav/devel/share/gennodejs/ros/sim_uav/srv/goto_aruco.js)
Linked: (/home/nguyenanhquang/landing_uav/devel/.private/sim_uav/share/gennodejs/ros/sim_uav/srv/land_aruco.js, /home/nguyenanhquang/landing_uav/devel/share/gennodejs/ros/sim_uav/srv/land_aruco.js)
Linked: (/home/nguyenanhquang/landing_uav/devel/.private/sim_uav/share/gennodejs/ros/sim_uav/srv/_index.js, /home/nguyenanhquang/landing_uav/devel/share/gennodejs/ros/sim_uav/srv/_index.js)
Linked: (/home/nguyenanhquang/landing_uav/devel/.private/sim_uav/share/common-lisp/ros/sim_uav/srv/target_global_pos.lisp, /home/nguyenanhquang/landing_uav/devel/share/common-lisp/ros/sim_uav/srv/target_global_pos.lisp)
Linked: (/home/nguyenanhquang/landing_uav/devel/.private/sim_uav/share/common-lisp/ros/sim_uav/srv/land_aruco.lisp, /home/nguyenanhquang/landing_uav/devel/share/common-lisp/ros/sim_uav/srv/land_aruco.lisp)
Linked: (/home/nguyenanhquang/landing_uav/devel/.private/sim_uav/share/common-lisp/ros/sim_uav/srv/_package_land_aruco.lisp, /home/nguyenanhquang/landing_uav/devel/share/common-lisp/ros/sim_uav/srv/_package_land_aruco.lisp)
Linked: (/home/nguyenanhquang/landing_uav/devel/.private/sim_uav/share/common-lisp/ros/sim_uav/srv/target_local_pos.lisp, /home/nguyenanhquang/landing_uav/devel/share/common-lisp/ros/sim_uav/srv/target_local_pos.lisp)
Linked: (/home/nguyenanhquang/landing_uav/devel/.private/sim_uav/share/common-lisp/ros/sim_uav/srv/_package_target_global_pos.lisp, /home/nguyenanhquang/landing_uav/devel/share/common-lisp/ros/sim_uav/srv/_package_target_global_pos.lisp)
Linked: (/home/nguyenanhquang/landing_uav/devel/.private/sim_uav/share/common-lisp/ros/sim_uav/srv/_package_goto_aruco.lisp, /home/nguyenanhquang/landing_uav/devel/share/common-lisp/ros/sim_uav/srv/_package_goto_aruco.lisp)
Linked: (/home/nguyenanhquang/landing_uav/devel/.private/sim_uav/share/common-lisp/ros/sim_uav/srv/_package.lisp, /home/nguyenanhquang/landing_uav/devel/share/common-lisp/ros/sim_uav/srv/_package.lisp)
Linked: (/home/nguyenanhquang/landing_uav/devel/.private/sim_uav/share/common-lisp/ros/sim_uav/srv/goto_aruco.lisp, /home/nguyenanhquang/landing_uav/devel/share/common-lisp/ros/sim_uav/srv/goto_aruco.lisp)
Linked: (/home/nguyenanhquang/landing_uav/devel/.private/sim_uav/share/common-lisp/ros/sim_uav/srv/sim_uav-srv.asd, /home/nguyenanhquang/landing_uav/devel/share/common-lisp/ros/sim_uav/srv/sim_uav-srv.asd)
Linked: (/home/nguyenanhquang/landing_uav/devel/.private/sim_uav/share/common-lisp/ros/sim_uav/srv/_package_target_local_pos.lisp, /home/nguyenanhquang/landing_uav/devel/share/common-lisp/ros/sim_uav/srv/_package_target_local_pos.lisp)
Linked: (/home/nguyenanhquang/landing_uav/devel/.private/sim_uav/share/sim_uav/cmake/sim_uav-msg-paths.cmake, /home/nguyenanhquang/landing_uav/devel/share/sim_uav/cmake/sim_uav-msg-paths.cmake)
Linked: (/home/nguyenanhquang/landing_uav/devel/.private/sim_uav/share/sim_uav/cmake/sim_uavConfig.cmake, /home/nguyenanhquang/landing_uav/devel/share/sim_uav/cmake/sim_uavConfig.cmake)
Linked: (/home/nguyenanhquang/landing_uav/devel/.private/sim_uav/share/sim_uav/cmake/sim_uavConfig-version.cmake, /home/nguyenanhquang/landing_uav/devel/share/sim_uav/cmake/sim_uavConfig-version.cmake)
Linked: (/home/nguyenanhquang/landing_uav/devel/.private/sim_uav/share/sim_uav/cmake/sim_uav-msg-extras.cmake, /home/nguyenanhquang/landing_uav/devel/share/sim_uav/cmake/sim_uav-msg-extras.cmake)
Linked: (/home/nguyenanhquang/landing_uav/devel/.private/sim_uav/share/roseus/ros/sim_uav/manifest.l, /home/nguyenanhquang/landing_uav/devel/share/roseus/ros/sim_uav/manifest.l)
Linked: (/home/nguyenanhquang/landing_uav/devel/.private/sim_uav/share/roseus/ros/sim_uav/srv/target_local_pos.l, /home/nguyenanhquang/landing_uav/devel/share/roseus/ros/sim_uav/srv/target_local_pos.l)
Linked: (/home/nguyenanhquang/landing_uav/devel/.private/sim_uav/share/roseus/ros/sim_uav/srv/goto_aruco.l, /home/nguyenanhquang/landing_uav/devel/share/roseus/ros/sim_uav/srv/goto_aruco.l)
Linked: (/home/nguyenanhquang/landing_uav/devel/.private/sim_uav/share/roseus/ros/sim_uav/srv/target_global_pos.l, /home/nguyenanhquang/landing_uav/devel/share/roseus/ros/sim_uav/srv/target_global_pos.l)
Linked: (/home/nguyenanhquang/landing_uav/devel/.private/sim_uav/share/roseus/ros/sim_uav/srv/land_aruco.l, /home/nguyenanhquang/landing_uav/devel/share/roseus/ros/sim_uav/srv/land_aruco.l)
