[35m[1mScanning dependencies of target _sim_uav_generate_messages_check_deps_target_local_pos[0m
[35m[1mScanning dependencies of target _sim_uav_generate_messages_check_deps_goto_aruco[0m
[35m[1mScanning dependencies of target _sim_uav_generate_messages_check_deps_target_global_pos[0m
[35m[1mScanning dependencies of target mavros_msgs_generate_messages_py[0m
[35m[1mScanning dependencies of target mavros_msgs_generate_messages_cpp[0m
[35m[1mScanning dependencies of target sensor_msgs_generate_messages_cpp[0m
[35m[1mScanning dependencies of target _sim_uav_generate_messages_check_deps_land_aruco[0m
[35m[1mScanning dependencies of target std_msgs_generate_messages_cpp[0m
[  0%] Built target sensor_msgs_generate_messages_cpp
[  0%] Built target std_msgs_generate_messages_cpp
[  0%] Built target mavros_msgs_generate_messages_cpp
[  0%] Built target mavros_msgs_generate_messages_py
[35m[1mScanning dependencies of target std_msgs_generate_messages_py[0m
[35m[1mScanning dependencies of target mavros_msgs_generate_messages_nodejs[0m
[35m[1mScanning dependencies of target sensor_msgs_generate_messages_py[0m
[35m[1mScanning dependencies of target std_msgs_generate_messages_nodejs[0m
[  0%] Built target mavros_msgs_generate_messages_nodejs
[  0%] Built target sensor_msgs_generate_messages_py
[  0%] Built target std_msgs_generate_messages_py
[  0%] Built target std_msgs_generate_messages_nodejs
[35m[1mScanning dependencies of target std_msgs_generate_messages_eus[0m
[35m[1mScanning dependencies of target mavros_msgs_generate_messages_eus[0m
[35m[1mScanning dependencies of target sensor_msgs_generate_messages_nodejs[0m
[35m[1mScanning dependencies of target sensor_msgs_generate_messages_eus[0m
[  0%] Built target mavros_msgs_generate_messages_eus
[  0%] Built target std_msgs_generate_messages_eus
[  0%] Built target _sim_uav_generate_messages_check_deps_goto_aruco
[  0%] Built target _sim_uav_generate_messages_check_deps_target_global_pos
[  0%] Built target _sim_uav_generate_messages_check_deps_land_aruco
[  0%] Built target _sim_uav_generate_messages_check_deps_target_local_pos
[  0%] Built target sensor_msgs_generate_messages_eus
[  0%] Built target sensor_msgs_generate_messages_nodejs
[35m[1mScanning dependencies of target std_msgs_generate_messages_lisp[0m
[35m[1mScanning dependencies of target mavros_msgs_generate_messages_lisp[0m
[35m[1mScanning dependencies of target sensor_msgs_generate_messages_lisp[0m
[35m[1mScanning dependencies of target sim_uav_generate_messages_cpp[0m
[35m[1mScanning dependencies of target sim_uav_generate_messages_py[0m
[35m[1mScanning dependencies of target sim_uav_generate_messages_eus[0m
[  0%] Built target mavros_msgs_generate_messages_lisp
[35m[1mScanning dependencies of target sim_uav_generate_messages_nodejs[0m
[  0%] Built target std_msgs_generate_messages_lisp
[  0%] Built target sensor_msgs_generate_messages_lisp
[35m[1mScanning dependencies of target sim_uav_generate_messages_lisp[0m
[ 18%] [34m[1mGenerating C++ code from sim_uav/land_aruco.srv[0m
[ 18%] [34m[1mGenerating Javascript code from sim_uav/land_aruco.srv[0m
[ 27%] [34m[1mGenerating EusLisp code from sim_uav/land_aruco.srv[0m
[ 27%] [34m[1mGenerating C++ code from sim_uav/target_global_pos.srv[0m
[ 27%] [34m[1mGenerating Python code from SRV sim_uav/target_global_pos[0m
[ 27%] [34m[1mGenerating Lisp code from sim_uav/land_aruco.srv[0m
[ 31%] [34m[1mGenerating Python code from SRV sim_uav/land_aruco[0m
[ 36%] [34m[1mGenerating C++ code from sim_uav/target_local_pos.srv[0m
[ 40%] [34m[1mGenerating Javascript code from sim_uav/target_global_pos.srv[0m
[ 45%] [34m[1mGenerating Lisp code from sim_uav/target_global_pos.srv[0m
[ 50%] [34m[1mGenerating Javascript code from sim_uav/target_local_pos.srv[0m
[ 54%] [34m[1mGenerating Javascript code from sim_uav/goto_aruco.srv[0m
[ 59%] [34m[1mGenerating Python code from SRV sim_uav/target_local_pos[0m
[ 63%] [34m[1mGenerating Lisp code from sim_uav/target_local_pos.srv[0m
[ 68%] [34m[1mGenerating EusLisp code from sim_uav/target_global_pos.srv[0m
[ 72%] [34m[1mGenerating EusLisp code from sim_uav/target_local_pos.srv[0m
[ 72%] Built target sim_uav_generate_messages_nodejs
[ 77%] [34m[1mGenerating Lisp code from sim_uav/goto_aruco.srv[0m
[ 81%] [34m[1mGenerating EusLisp code from sim_uav/goto_aruco.srv[0m
[ 86%] [34m[1mGenerating Python code from SRV sim_uav/goto_aruco[0m
[ 86%] Built target sim_uav_generate_messages_lisp
[ 90%] [34m[1mGenerating C++ code from sim_uav/goto_aruco.srv[0m
[ 95%] [34m[1mGenerating EusLisp manifest code for sim_uav[0m
[100%] [34m[1mGenerating Python srv __init__.py for sim_uav[0m
[100%] Built target sim_uav_generate_messages_py
[100%] Built target sim_uav_generate_messages_cpp
[100%] Built target sim_uav_generate_messages_eus
[35m[1mScanning dependencies of target sim_uav_generate_messages[0m
[100%] Built target sim_uav_generate_messages
